<root xmlns:ls="ls-ns">
    <child id="first_child">
        <grandchild>text 1</grandchild>
    </child>
    <child id="second_child" ls:as="123" >
        <grandchild>text 2</grandchild>
    </child>
</root>
